SF:lib/src/open_meteo_api_client.dart
DA:15,1
DA:16,1
DA:23,1
DA:24,1
DA:25,1
DA:26,3
DA:27,2
DA:28,1
DA:31,2
DA:33,2
DA:35,1
DA:37,2
DA:38,2
DA:41,1
DA:43,2
DA:44,1
DA:45,1
DA:49,3
DA:51,2
DA:52,1
DA:55,2
DA:57,1
DA:58,1
DA:61,1
DA:63,0
LF:25
LH:24
end_of_record
SF:lib/src/models/location.g.dart
DA:11,4
DA:14,2
DA:15,2
DA:16,4
DA:17,4
DA:18,6
DA:19,6
LF:7
LH:7
end_of_record
SF:lib/src/models/location.dart
DA:6,2
DA:13,2
DA:14,2
LF:3
LH:3
end_of_record
SF:lib/src/models/weather.dart
DA:7,1
DA:9,1
DA:10,1
LF:3
LH:3
end_of_record
SF:lib/src/models/weather.g.dart
DA:11,2
DA:14,1
DA:15,1
DA:17,3
DA:19,3
LF:5
LH:5
end_of_record
