SF:lib/theme/cubit/theme_state.dart
DA:4,0
DA:6,0
DA:7,0
LF:3
LH:0
end_of_record
SF:lib/theme/cubit/theme_cubit.dart
DA:11,2
DA:15,0
DA:16,0
DA:19,0
DA:21,0
DA:24,1
DA:26,3
DA:31,0
DA:32,0
DA:33,0
DA:35,0
DA:37,0
DA:39,0
DA:41,0
LF:14
LH:3
end_of_record
SF:lib/weather/models/weather.dart
DA:9,4
DA:12,2
DA:13,4
DA:18,5
DA:20,1
DA:21,1
DA:25,2
DA:27,1
DA:28,2
DA:33,2
DA:40,1
DA:41,1
DA:43,1
DA:44,1
DA:45,1
DA:46,1
DA:47,1
DA:48,2
DA:52,6
DA:54,2
DA:64,1
DA:65,5
DA:67,2
DA:69,1
DA:75,1
DA:76,1
DA:77,1
DA:78,1
DA:79,0
LF:29
LH:28
end_of_record
SF:lib/weather/models/weather.g.dart
DA:9,2
DA:12,1
DA:13,1
DA:14,3
DA:20,1
DA:21,1
DA:22,1
DA:25,2
DA:28,1
DA:29,1
DA:30,1
DA:31,2
DA:32,1
DA:33,2
DA:34,2
DA:35,1
DA:36,2
DA:43,2
DA:44,2
DA:45,2
DA:46,1
DA:47,2
LF:22
LH:22
end_of_record
SF:lib/weather/cubit/weather_cubit.g.dart
DA:9,1
DA:10,1
DA:13,1
DA:14,1
DA:15,1
DA:17,1
DA:18,1
DA:20,1
DA:22,1
DA:23,1
DA:25,1
DA:27,1
DA:29,1
DA:36,1
DA:37,1
DA:38,2
DA:39,2
DA:41,2
LF:18
LH:18
end_of_record
SF:lib/weather/cubit/weather_state.dart
DA:3,3
DA:6,0
DA:7,0
DA:8,4
DA:9,0
DA:14,2
DA:18,2
DA:20,1
DA:21,1
DA:27,1
DA:32,1
DA:33,1
DA:34,1
DA:35,1
DA:39,2
DA:41,1
DA:42,4
LF:17
LH:14
end_of_record
SF:lib/weather/cubit/weather_cubit.dart
DA:14,3
DA:18,1
DA:19,1
DA:21,3
DA:24,1
DA:25,3
DA:28,2
DA:29,1
DA:30,3
DA:31,2
DA:33,1
DA:34,2
DA:37,2
DA:40,1
DA:41,3
DA:45,1
DA:46,3
DA:47,4
DA:49,1
DA:50,6
DA:53,2
DA:54,1
DA:55,3
DA:56,2
DA:58,1
DA:59,2
DA:62,2
DA:64,1
DA:65,2
DA:69,1
DA:70,3
DA:73,3
DA:74,3
DA:78,2
DA:79,2
DA:80,1
DA:81,1
DA:82,2
DA:83,2
DA:84,1
DA:85,2
DA:87,2
DA:93,1
DA:94,1
DA:95,2
DA:99,4
DA:100,4
LF:47
LH:47
end_of_record
SF:lib/pages/weather_page.dart
DA:16,1
DA:18,0
DA:20,0
DA:21,0
DA:28,2
DA:30,1
DA:31,1
DA:35,1
DA:37,1
DA:38,1
DA:41,1
DA:43,1
DA:44,1
DA:46,1
DA:51,1
DA:53,1
DA:54,1
DA:59,1
DA:60,2
DA:61,1
DA:62,1
DA:71,1
DA:72,1
DA:73,1
DA:74,2
DA:75,3
DA:78,1
DA:79,1
DA:80,1
DA:82,1
DA:84,1
DA:85,1
DA:86,1
DA:87,1
DA:88,1
DA:89,2
DA:91,1
DA:97,1
DA:98,1
DA:103,1
DA:104,4
DA:105,1
DA:106,3
LF:43
LH:40
end_of_record
SF:lib/widgets/weather_empty.dart
DA:4,1
DA:6,1
DA:8,1
DA:9,1
DA:11,1
DA:12,1
LF:6
LH:6
end_of_record
SF:lib/widgets/weather_error.dart
DA:4,1
DA:5,1
DA:7,1
DA:9,1
DA:10,1
LF:5
LH:5
end_of_record
SF:lib/widgets/weather_loading.dart
DA:4,1
DA:6,1
DA:8,1
LF:3
LH:3
end_of_record
SF:lib/widgets/weather_populated.dart
DA:6,1
DA:17,1
DA:19,1
DA:20,1
DA:21,1
DA:22,1
DA:24,1
DA:25,1
DA:26,1
DA:29,1
DA:30,1
DA:31,1
DA:33,3
DA:34,1
DA:35,2
DA:36,2
DA:37,1
DA:39,1
DA:40,3
DA:41,2
DA:42,1
DA:44,5
DA:58,1
DA:63,1
DA:65,1
DA:66,2
DA:73,1
DA:75,1
DA:77,1
DA:79,1
DA:81,0
DA:83,0
DA:130,1
DA:131,5
LF:34
LH:32
end_of_record
SF:lib/settings/settings.dart
DA:8,1
DA:10,1
DA:11,1
DA:12,2
DA:17,1
DA:19,1
DA:21,1
DA:22,1
DA:24,0
DA:28,1
DA:29,1
DA:32,1
DA:35,1
DA:36,1
DA:41,1
DA:42,1
DA:43,1
DA:44,0
DA:45,0
DA:46,1
DA:47,1
DA:48,1
DA:49,1
DA:51,1
DA:53,1
DA:58,1
DA:60,1
DA:61,1
DA:65,1
DA:66,1
DA:67,2
DA:68,0
LF:32
LH:28
end_of_record
SF:lib/search/search.dart
DA:4,1
DA:6,1
DA:7,2
DA:10,1
DA:11,1
DA:16,3
DA:18,1
DA:20,2
DA:21,1
DA:24,1
DA:26,1
DA:27,1
DA:28,1
DA:30,0
DA:35,1
DA:38,3
DA:39,1
DA:40,1
DA:41,1
DA:43,1
DA:44,1
DA:45,1
DA:46,1
DA:49,1
DA:50,1
DA:51,1
DA:52,1
DA:54,1
DA:56,1
DA:58,1
DA:66,1
DA:68,4
DA:69,2
LF:33
LH:32
end_of_record
